{"/home/ubuntu/workspace/auth_test/auth-spec.js":{"path":"/home/ubuntu/workspace/auth_test/auth-spec.js","s":{"1":1,"2":1,"3":1,"4":1,"5":1,"6":1,"7":1,"8":1,"9":1,"10":1,"11":1,"12":1,"13":1,"14":1,"15":1,"16":1,"17":1,"18":1,"19":1,"20":1,"21":1,"22":1,"23":1,"24":1,"25":1,"26":1,"27":1,"28":1,"29":1,"30":1,"31":1,"32":1,"33":1,"34":1},"b":{},"f":{"1":1,"2":1,"3":1,"4":1,"5":1,"6":1},"fnMap":{"1":{"name":"(anonymous_1)","line":11,"loc":{"start":{"line":11,"column":60},"end":{"line":11,"column":70}}},"2":{"name":"(anonymous_2)","line":12,"loc":{"start":{"line":12,"column":74},"end":{"line":12,"column":88}}},"3":{"name":"(anonymous_3)","line":26,"loc":{"start":{"line":26,"column":105},"end":{"line":26,"column":115}}},"4":{"name":"(anonymous_4)","line":27,"loc":{"start":{"line":27,"column":92},"end":{"line":27,"column":106}}},"5":{"name":"(anonymous_5)","line":49,"loc":{"start":{"line":49,"column":105},"end":{"line":49,"column":115}}},"6":{"name":"(anonymous_6)","line":50,"loc":{"start":{"line":50,"column":92},"end":{"line":50,"column":106}}}},"statementMap":{"1":{"start":{"line":1,"column":0},"end":{"line":1,"column":41}},"2":{"start":{"line":2,"column":0},"end":{"line":2,"column":38}},"3":{"start":{"line":3,"column":0},"end":{"line":3,"column":30}},"4":{"start":{"line":11,"column":0},"end":{"line":22,"column":2}},"5":{"start":{"line":12,"column":4},"end":{"line":21,"column":6}},"6":{"start":{"line":13,"column":8},"end":{"line":13,"column":28}},"7":{"start":{"line":15,"column":8},"end":{"line":15,"column":28}},"8":{"start":{"line":18,"column":8},"end":{"line":18,"column":47}},"9":{"start":{"line":19,"column":8},"end":{"line":19,"column":66}},"10":{"start":{"line":20,"column":8},"end":{"line":20,"column":15}},"11":{"start":{"line":26,"column":0},"end":{"line":45,"column":2}},"12":{"start":{"line":27,"column":4},"end":{"line":44,"column":6}},"13":{"start":{"line":29,"column":8},"end":{"line":29,"column":34}},"14":{"start":{"line":30,"column":8},"end":{"line":30,"column":34}},"15":{"start":{"line":32,"column":8},"end":{"line":32,"column":43}},"16":{"start":{"line":33,"column":8},"end":{"line":33,"column":51}},"17":{"start":{"line":34,"column":8},"end":{"line":34,"column":76}},"18":{"start":{"line":36,"column":8},"end":{"line":36,"column":42}},"19":{"start":{"line":39,"column":8},"end":{"line":39,"column":47}},"20":{"start":{"line":40,"column":8},"end":{"line":40,"column":64}},"21":{"start":{"line":41,"column":8},"end":{"line":41,"column":65}},"22":{"start":{"line":42,"column":8},"end":{"line":42,"column":15}},"23":{"start":{"line":49,"column":0},"end":{"line":68,"column":2}},"24":{"start":{"line":50,"column":4},"end":{"line":67,"column":6}},"25":{"start":{"line":52,"column":8},"end":{"line":52,"column":34}},"26":{"start":{"line":53,"column":8},"end":{"line":53,"column":34}},"27":{"start":{"line":55,"column":8},"end":{"line":55,"column":43}},"28":{"start":{"line":56,"column":8},"end":{"line":56,"column":51}},"29":{"start":{"line":57,"column":8},"end":{"line":57,"column":76}},"30":{"start":{"line":59,"column":8},"end":{"line":59,"column":42}},"31":{"start":{"line":62,"column":8},"end":{"line":62,"column":47}},"32":{"start":{"line":63,"column":8},"end":{"line":63,"column":64}},"33":{"start":{"line":64,"column":8},"end":{"line":64,"column":65}},"34":{"start":{"line":65,"column":8},"end":{"line":65,"column":15}}},"branchMap":{}},"/home/ubuntu/workspace/authorisation.js":{"path":"/home/ubuntu/workspace/authorisation.js","s":{"1":1,"2":1,"3":1,"4":1,"5":0,"6":0,"7":0,"8":0,"9":0,"10":0,"11":0,"12":0,"13":0,"14":0,"15":0,"16":1,"17":0,"18":0,"19":0,"20":0,"21":0,"22":0,"23":0,"24":0,"25":0,"26":0,"27":0,"28":0,"29":0,"30":0},"b":{"1":[0,0],"2":[0,0],"3":[0,0],"4":[0,0],"5":[0,0],"6":[0,0],"7":[0,0]},"f":{"1":0,"2":0},"fnMap":{"1":{"name":"(anonymous_1)","line":6,"loc":{"start":{"line":6,"column":21},"end":{"line":6,"column":49}}},"2":{"name":"(anonymous_2)","line":30,"loc":{"start":{"line":30,"column":21},"end":{"line":30,"column":49}}}},"statementMap":{"1":{"start":{"line":1,"column":0},"end":{"line":1,"column":30}},"2":{"start":{"line":2,"column":0},"end":{"line":2,"column":37}},"3":{"start":{"line":3,"column":0},"end":{"line":3,"column":18}},"4":{"start":{"line":6,"column":0},"end":{"line":27,"column":1}},"5":{"start":{"line":9,"column":1},"end":{"line":11,"column":2}},"6":{"start":{"line":10,"column":2},"end":{"line":10,"column":59}},"7":{"start":{"line":12,"column":1},"end":{"line":12,"column":54}},"8":{"start":{"line":14,"column":1},"end":{"line":16,"column":2}},"9":{"start":{"line":15,"column":2},"end":{"line":15,"column":60}},"10":{"start":{"line":17,"column":1},"end":{"line":17,"column":54}},"11":{"start":{"line":19,"column":1},"end":{"line":19,"column":36}},"12":{"start":{"line":21,"column":1},"end":{"line":21,"column":45}},"13":{"start":{"line":23,"column":1},"end":{"line":23,"column":49}},"14":{"start":{"line":24,"column":1},"end":{"line":24,"column":35}},"15":{"start":{"line":26,"column":1},"end":{"line":26,"column":66}},"16":{"start":{"line":30,"column":0},"end":{"line":51,"column":1}},"17":{"start":{"line":31,"column":1},"end":{"line":31,"column":91}},"18":{"start":{"line":33,"column":1},"end":{"line":35,"column":2}},"19":{"start":{"line":34,"column":2},"end":{"line":34,"column":59}},"20":{"start":{"line":36,"column":1},"end":{"line":36,"column":54}},"21":{"start":{"line":38,"column":1},"end":{"line":41,"column":2}},"22":{"start":{"line":39,"column":2},"end":{"line":39,"column":60}},"23":{"start":{"line":40,"column":2},"end":{"line":40,"column":70}},"24":{"start":{"line":42,"column":1},"end":{"line":42,"column":44}},"25":{"start":{"line":43,"column":1},"end":{"line":43,"column":54}},"26":{"start":{"line":44,"column":1},"end":{"line":44,"column":65}},"27":{"start":{"line":46,"column":1},"end":{"line":48,"column":2}},"28":{"start":{"line":47,"column":2},"end":{"line":47,"column":41}},"29":{"start":{"line":49,"column":1},"end":{"line":49,"column":34}},"30":{"start":{"line":50,"column":1},"end":{"line":50,"column":21}}},"branchMap":{"1":{"line":9,"type":"if","locations":[{"start":{"line":9,"column":1},"end":{"line":9,"column":1}},{"start":{"line":9,"column":1},"end":{"line":9,"column":1}}]},"2":{"line":9,"type":"binary-expr","locations":[{"start":{"line":9,"column":5},"end":{"line":9,"column":39}},{"start":{"line":9,"column":43},"end":{"line":9,"column":83}}]},"3":{"line":14,"type":"if","locations":[{"start":{"line":14,"column":1},"end":{"line":14,"column":1}},{"start":{"line":14,"column":1},"end":{"line":14,"column":1}}]},"4":{"line":33,"type":"if","locations":[{"start":{"line":33,"column":1},"end":{"line":33,"column":1}},{"start":{"line":33,"column":1},"end":{"line":33,"column":1}}]},"5":{"line":33,"type":"binary-expr","locations":[{"start":{"line":33,"column":5},"end":{"line":33,"column":39}},{"start":{"line":33,"column":43},"end":{"line":33,"column":83}}]},"6":{"line":38,"type":"if","locations":[{"start":{"line":38,"column":1},"end":{"line":38,"column":1}},{"start":{"line":38,"column":1},"end":{"line":38,"column":1}}]},"7":{"line":46,"type":"if","locations":[{"start":{"line":46,"column":1},"end":{"line":46,"column":1}},{"start":{"line":46,"column":1},"end":{"line":46,"column":1}}]}}}}