{"/home/ubuntu/workspace/film_test/film-spec.js":{"path":"/home/ubuntu/workspace/film_test/film-spec.js","s":{"1":1,"2":1,"3":1,"4":1,"5":0,"6":0,"7":0,"8":0,"9":0,"10":0,"11":0,"12":0,"13":0,"14":0,"15":0,"16":0,"17":0,"18":0,"19":0,"20":0,"21":0,"22":0,"23":0,"24":0,"25":0,"26":0,"27":0,"28":0,"29":0,"30":0,"31":0,"32":0,"33":0,"34":0,"35":0,"36":0,"37":0,"38":0,"39":0,"40":0,"41":0,"42":0},"b":{},"f":{"1":0,"2":0,"3":0,"4":0,"5":0,"6":0,"7":0,"8":0,"9":0,"10":0,"11":0,"12":0,"13":0,"14":0,"15":0,"16":0,"17":0,"18":0,"19":0},"fnMap":{"1":{"name":"(anonymous_1)","line":6,"loc":{"start":{"line":6,"column":45},"end":{"line":6,"column":55}}},"2":{"name":"(anonymous_2)","line":7,"loc":{"start":{"line":7,"column":59},"end":{"line":7,"column":73}}},"3":{"name":"(anonymous_3)","line":9,"loc":{"start":{"line":9,"column":16},"end":{"line":9,"column":32}}},"4":{"name":"(anonymous_4)","line":22,"loc":{"start":{"line":22,"column":70},"end":{"line":22,"column":81}}},"5":{"name":"(anonymous_5)","line":23,"loc":{"start":{"line":23,"column":60},"end":{"line":23,"column":75}}},"6":{"name":"(anonymous_6)","line":25,"loc":{"start":{"line":25,"column":21},"end":{"line":25,"column":53}}},"7":{"name":"(anonymous_7)","line":34,"loc":{"start":{"line":34,"column":74},"end":{"line":34,"column":88}}},"8":{"name":"(anonymous_8)","line":35,"loc":{"start":{"line":35,"column":21},"end":{"line":35,"column":52}}},"9":{"name":"(anonymous_9)","line":38,"loc":{"start":{"line":38,"column":32},"end":{"line":38,"column":49}}},"10":{"name":"(anonymous_10)","line":49,"loc":{"start":{"line":49,"column":52},"end":{"line":49,"column":66}}},"11":{"name":"(anonymous_11)","line":50,"loc":{"start":{"line":50,"column":21},"end":{"line":50,"column":52}}},"12":{"name":"(anonymous_12)","line":52,"loc":{"start":{"line":52,"column":32},"end":{"line":52,"column":49}}},"13":{"name":"(anonymous_13)","line":58,"loc":{"start":{"line":58,"column":26},"end":{"line":58,"column":40}}},"14":{"name":"(anonymous_14)","line":72,"loc":{"start":{"line":72,"column":43},"end":{"line":72,"column":54}}},"15":{"name":"(anonymous_15)","line":73,"loc":{"start":{"line":73,"column":43},"end":{"line":73,"column":58}}},"16":{"name":"(anonymous_16)","line":74,"loc":{"start":{"line":74,"column":21},"end":{"line":74,"column":53}}},"17":{"name":"(anonymous_17)","line":81,"loc":{"start":{"line":81,"column":48},"end":{"line":81,"column":62}}},"18":{"name":"(anonymous_18)","line":82,"loc":{"start":{"line":82,"column":21},"end":{"line":82,"column":52}}},"19":{"name":"(anonymous_19)","line":84,"loc":{"start":{"line":84,"column":32},"end":{"line":84,"column":49}}}},"statementMap":{"1":{"start":{"line":1,"column":0},"end":{"line":1,"column":33}},"2":{"start":{"line":2,"column":0},"end":{"line":2,"column":34}},"3":{"start":{"line":3,"column":0},"end":{"line":3,"column":53}},"4":{"start":{"line":6,"column":0},"end":{"line":16,"column":2}},"5":{"start":{"line":7,"column":2},"end":{"line":15,"column":4}},"6":{"start":{"line":9,"column":4},"end":{"line":14,"column":7}},"7":{"start":{"line":11,"column":6},"end":{"line":11,"column":45}},"8":{"start":{"line":12,"column":6},"end":{"line":12,"column":13}},"9":{"start":{"line":22,"column":0},"end":{"line":64,"column":3}},"10":{"start":{"line":23,"column":2},"end":{"line":30,"column":5}},"11":{"start":{"line":25,"column":4},"end":{"line":29,"column":7}},"12":{"start":{"line":26,"column":6},"end":{"line":26,"column":44}},"13":{"start":{"line":27,"column":6},"end":{"line":27,"column":38}},"14":{"start":{"line":28,"column":6},"end":{"line":28,"column":13}},"15":{"start":{"line":34,"column":2},"end":{"line":46,"column":4}},"16":{"start":{"line":35,"column":4},"end":{"line":44,"column":6}},"17":{"start":{"line":36,"column":6},"end":{"line":36,"column":39}},"18":{"start":{"line":38,"column":6},"end":{"line":40,"column":8}},"19":{"start":{"line":39,"column":8},"end":{"line":39,"column":37}},"20":{"start":{"line":42,"column":6},"end":{"line":42,"column":49}},"21":{"start":{"line":43,"column":6},"end":{"line":43,"column":13}},"22":{"start":{"line":49,"column":2},"end":{"line":63,"column":4}},"23":{"start":{"line":50,"column":4},"end":{"line":62,"column":6}},"24":{"start":{"line":51,"column":6},"end":{"line":51,"column":39}},"25":{"start":{"line":52,"column":6},"end":{"line":54,"column":8}},"26":{"start":{"line":53,"column":8},"end":{"line":53,"column":37}},"27":{"start":{"line":58,"column":6},"end":{"line":61,"column":8}},"28":{"start":{"line":59,"column":8},"end":{"line":59,"column":35}},"29":{"start":{"line":60,"column":8},"end":{"line":60,"column":15}},"30":{"start":{"line":72,"column":0},"end":{"line":93,"column":3}},"31":{"start":{"line":73,"column":2},"end":{"line":79,"column":5}},"32":{"start":{"line":74,"column":4},"end":{"line":78,"column":7}},"33":{"start":{"line":75,"column":6},"end":{"line":75,"column":44}},"34":{"start":{"line":77,"column":6},"end":{"line":77,"column":13}},"35":{"start":{"line":81,"column":2},"end":{"line":92,"column":4}},"36":{"start":{"line":82,"column":4},"end":{"line":90,"column":6}},"37":{"start":{"line":83,"column":6},"end":{"line":83,"column":39}},"38":{"start":{"line":84,"column":6},"end":{"line":86,"column":8}},"39":{"start":{"line":85,"column":8},"end":{"line":85,"column":37}},"40":{"start":{"line":87,"column":6},"end":{"line":87,"column":23}},"41":{"start":{"line":88,"column":6},"end":{"line":88,"column":49}},"42":{"start":{"line":89,"column":6},"end":{"line":89,"column":13}}},"branchMap":{}},"/home/ubuntu/workspace/mongo.js":{"path":"/home/ubuntu/workspace/mongo.js","s":{"1":1,"2":1,"3":1,"4":1,"5":1,"6":1,"7":1,"8":1,"9":1,"10":0,"11":0,"12":0,"13":0,"14":0,"15":0,"16":1,"17":0,"18":0,"19":0,"20":0,"21":0,"22":0,"23":1,"24":0,"25":0,"26":0,"27":0,"28":1,"29":0,"30":0,"31":0,"32":0},"b":{"1":[0,0],"2":[0,0],"3":[0,0],"4":[0,0]},"f":{"1":0,"2":0,"3":0,"4":0,"5":0,"6":0,"7":0,"8":0,"9":0},"fnMap":{"1":{"name":"(anonymous_1)","line":24,"loc":{"start":{"line":24,"column":18},"end":{"line":24,"column":43}}},"2":{"name":"(anonymous_2)","line":31,"loc":{"start":{"line":31,"column":18},"end":{"line":31,"column":38}}},"3":{"name":"(anonymous_3)","line":41,"loc":{"start":{"line":41,"column":17},"end":{"line":41,"column":36}}},"4":{"name":"(anonymous_4)","line":43,"loc":{"start":{"line":43,"column":13},"end":{"line":43,"column":32}}},"5":{"name":"(anonymous_5)","line":47,"loc":{"start":{"line":47,"column":27},"end":{"line":47,"column":41}}},"6":{"name":"(anonymous_6)","line":55,"loc":{"start":{"line":55,"column":18},"end":{"line":55,"column":41}}},"7":{"name":"(anonymous_7)","line":57,"loc":{"start":{"line":57,"column":23},"end":{"line":57,"column":43}}},"8":{"name":"(anonymous_8)","line":64,"loc":{"start":{"line":64,"column":16},"end":{"line":64,"column":35}}},"9":{"name":"(anonymous_9)","line":66,"loc":{"start":{"line":66,"column":18},"end":{"line":66,"column":33}}}},"statementMap":{"1":{"start":{"line":4,"column":0},"end":{"line":4,"column":34}},"2":{"start":{"line":6,"column":0},"end":{"line":6,"column":20}},"3":{"start":{"line":8,"column":0},"end":{"line":8,"column":55}},"4":{"start":{"line":9,"column":0},"end":{"line":9,"column":19}},"5":{"start":{"line":11,"column":0},"end":{"line":11,"column":24}},"6":{"start":{"line":12,"column":0},"end":{"line":12,"column":30}},"7":{"start":{"line":15,"column":0},"end":{"line":18,"column":2}},"8":{"start":{"line":20,"column":0},"end":{"line":20,"column":47}},"9":{"start":{"line":24,"column":0},"end":{"line":39,"column":1}},"10":{"start":{"line":29,"column":4},"end":{"line":29,"column":26}},"11":{"start":{"line":30,"column":4},"end":{"line":30,"column":37}},"12":{"start":{"line":31,"column":4},"end":{"line":37,"column":4}},"13":{"start":{"line":32,"column":6},"end":{"line":34,"column":7}},"14":{"start":{"line":33,"column":8},"end":{"line":33,"column":31}},"15":{"start":{"line":35,"column":6},"end":{"line":35,"column":20}},"16":{"start":{"line":41,"column":0},"end":{"line":52,"column":1}},"17":{"start":{"line":43,"column":2},"end":{"line":51,"column":4}},"18":{"start":{"line":44,"column":4},"end":{"line":46,"column":5}},"19":{"start":{"line":45,"column":6},"end":{"line":45,"column":29}},"20":{"start":{"line":47,"column":4},"end":{"line":49,"column":6}},"21":{"start":{"line":48,"column":6},"end":{"line":48,"column":19}},"22":{"start":{"line":50,"column":4},"end":{"line":50,"column":18}},"23":{"start":{"line":55,"column":0},"end":{"line":63,"column":1}},"24":{"start":{"line":57,"column":2},"end":{"line":62,"column":4}},"25":{"start":{"line":58,"column":4},"end":{"line":60,"column":5}},"26":{"start":{"line":59,"column":6},"end":{"line":59,"column":19}},"27":{"start":{"line":61,"column":4},"end":{"line":61,"column":18}},"28":{"start":{"line":64,"column":0},"end":{"line":72,"column":1}},"29":{"start":{"line":66,"column":2},"end":{"line":71,"column":4}},"30":{"start":{"line":67,"column":4},"end":{"line":69,"column":5}},"31":{"start":{"line":68,"column":6},"end":{"line":68,"column":24}},"32":{"start":{"line":70,"column":4},"end":{"line":70,"column":29}}},"branchMap":{"1":{"line":32,"type":"if","locations":[{"start":{"line":32,"column":6},"end":{"line":32,"column":6}},{"start":{"line":32,"column":6},"end":{"line":32,"column":6}}]},"2":{"line":44,"type":"if","locations":[{"start":{"line":44,"column":4},"end":{"line":44,"column":4}},{"start":{"line":44,"column":4},"end":{"line":44,"column":4}}]},"3":{"line":58,"type":"if","locations":[{"start":{"line":58,"column":4},"end":{"line":58,"column":4}},{"start":{"line":58,"column":4},"end":{"line":58,"column":4}}]},"4":{"line":67,"type":"if","locations":[{"start":{"line":67,"column":4},"end":{"line":67,"column":4}},{"start":{"line":67,"column":4},"end":{"line":67,"column":4}}]}}},"/home/ubuntu/workspace/accounts.js":{"path":"/home/ubuntu/workspace/accounts.js","s":{},"b":{},"f":{},"fnMap":{},"statementMap":{},"branchMap":{}},"/home/ubuntu/workspace/authorisation.js":{"path":"/home/ubuntu/workspace/authorisation.js","s":{"1":0,"2":0,"3":0,"4":0,"5":0,"6":0,"7":0,"8":0,"9":0,"10":0,"11":0,"12":0,"13":0,"14":0,"15":0,"16":0,"17":0,"18":0,"19":0,"20":0,"21":0,"22":0,"23":0,"24":0,"25":0,"26":0,"27":0,"28":0,"29":0},"b":{"1":[0,0],"2":[0,0],"3":[0,0],"4":[0,0],"5":[0,0],"6":[0,0],"7":[0,0]},"f":{"1":0,"2":0},"fnMap":{"1":{"name":"(anonymous_1)","line":6,"loc":{"start":{"line":6,"column":21},"end":{"line":6,"column":49}}},"2":{"name":"(anonymous_2)","line":30,"loc":{"start":{"line":30,"column":21},"end":{"line":30,"column":49}}}},"statementMap":{"1":{"start":{"line":1,"column":0},"end":{"line":1,"column":30}},"2":{"start":{"line":2,"column":0},"end":{"line":2,"column":37}},"3":{"start":{"line":3,"column":0},"end":{"line":3,"column":18}},"4":{"start":{"line":6,"column":0},"end":{"line":27,"column":1}},"5":{"start":{"line":9,"column":1},"end":{"line":11,"column":2}},"6":{"start":{"line":10,"column":2},"end":{"line":10,"column":59}},"7":{"start":{"line":12,"column":1},"end":{"line":12,"column":54}},"8":{"start":{"line":14,"column":1},"end":{"line":16,"column":2}},"9":{"start":{"line":15,"column":2},"end":{"line":15,"column":60}},"10":{"start":{"line":17,"column":1},"end":{"line":17,"column":54}},"11":{"start":{"line":19,"column":1},"end":{"line":19,"column":36}},"12":{"start":{"line":21,"column":1},"end":{"line":21,"column":45}},"13":{"start":{"line":23,"column":1},"end":{"line":23,"column":49}},"14":{"start":{"line":24,"column":1},"end":{"line":24,"column":35}},"15":{"start":{"line":26,"column":1},"end":{"line":26,"column":66}},"16":{"start":{"line":30,"column":0},"end":{"line":50,"column":1}},"17":{"start":{"line":31,"column":1},"end":{"line":31,"column":35}},"18":{"start":{"line":33,"column":1},"end":{"line":35,"column":2}},"19":{"start":{"line":34,"column":2},"end":{"line":34,"column":59}},"20":{"start":{"line":36,"column":1},"end":{"line":36,"column":54}},"21":{"start":{"line":38,"column":1},"end":{"line":40,"column":2}},"22":{"start":{"line":39,"column":2},"end":{"line":39,"column":67}},"23":{"start":{"line":41,"column":1},"end":{"line":41,"column":44}},"24":{"start":{"line":42,"column":1},"end":{"line":42,"column":54}},"25":{"start":{"line":43,"column":1},"end":{"line":43,"column":41}},"26":{"start":{"line":45,"column":1},"end":{"line":47,"column":2}},"27":{"start":{"line":46,"column":2},"end":{"line":46,"column":41}},"28":{"start":{"line":48,"column":1},"end":{"line":48,"column":34}},"29":{"start":{"line":49,"column":1},"end":{"line":49,"column":21}}},"branchMap":{"1":{"line":9,"type":"if","locations":[{"start":{"line":9,"column":1},"end":{"line":9,"column":1}},{"start":{"line":9,"column":1},"end":{"line":9,"column":1}}]},"2":{"line":9,"type":"binary-expr","locations":[{"start":{"line":9,"column":5},"end":{"line":9,"column":39}},{"start":{"line":9,"column":43},"end":{"line":9,"column":83}}]},"3":{"line":14,"type":"if","locations":[{"start":{"line":14,"column":1},"end":{"line":14,"column":1}},{"start":{"line":14,"column":1},"end":{"line":14,"column":1}}]},"4":{"line":33,"type":"if","locations":[{"start":{"line":33,"column":1},"end":{"line":33,"column":1}},{"start":{"line":33,"column":1},"end":{"line":33,"column":1}}]},"5":{"line":33,"type":"binary-expr","locations":[{"start":{"line":33,"column":5},"end":{"line":33,"column":39}},{"start":{"line":33,"column":43},"end":{"line":33,"column":83}}]},"6":{"line":38,"type":"if","locations":[{"start":{"line":38,"column":1},"end":{"line":38,"column":1}},{"start":{"line":38,"column":1},"end":{"line":38,"column":1}}]},"7":{"line":45,"type":"if","locations":[{"start":{"line":45,"column":1},"end":{"line":45,"column":1}},{"start":{"line":45,"column":1},"end":{"line":45,"column":1}}]}}},"/home/ubuntu/workspace/films.js":{"path":"/home/ubuntu/workspace/films.js","s":{"1":0,"2":0,"3":0,"4":0,"5":0,"6":0,"7":0,"8":0,"9":0,"10":0,"11":0,"12":0,"13":0,"14":0,"15":0,"16":0,"17":0},"b":{"1":[0,0],"2":[0,0],"3":[0,0]},"f":{"1":0,"2":0,"3":0},"fnMap":{"1":{"name":"(anonymous_1)","line":6,"loc":{"start":{"line":6,"column":17},"end":{"line":6,"column":43}}},"2":{"name":"(anonymous_2)","line":15,"loc":{"start":{"line":15,"column":45},"end":{"line":15,"column":69}}},"3":{"name":"(anonymous_3)","line":21,"loc":{"start":{"line":21,"column":30},"end":{"line":21,"column":48}}}},"statementMap":{"1":{"start":{"line":1,"column":0},"end":{"line":1,"column":32}},"2":{"start":{"line":6,"column":0},"end":{"line":29,"column":1}},"3":{"start":{"line":8,"column":4},"end":{"line":8,"column":46}},"4":{"start":{"line":9,"column":4},"end":{"line":11,"column":5}},"5":{"start":{"line":10,"column":8},"end":{"line":10,"column":145}},"6":{"start":{"line":12,"column":4},"end":{"line":12,"column":48}},"7":{"start":{"line":13,"column":4},"end":{"line":13,"column":39}},"8":{"start":{"line":14,"column":4},"end":{"line":14,"column":30}},"9":{"start":{"line":15,"column":4},"end":{"line":28,"column":5}},"10":{"start":{"line":16,"column":8},"end":{"line":18,"column":9}},"11":{"start":{"line":17,"column":12},"end":{"line":17,"column":126}},"12":{"start":{"line":19,"column":8},"end":{"line":19,"column":32}},"13":{"start":{"line":20,"column":8},"end":{"line":20,"column":37}},"14":{"start":{"line":21,"column":8},"end":{"line":23,"column":10}},"15":{"start":{"line":22,"column":12},"end":{"line":22,"column":217}},"16":{"start":{"line":25,"column":8},"end":{"line":25,"column":25}},"17":{"start":{"line":26,"column":8},"end":{"line":26,"column":103}}},"branchMap":{"1":{"line":9,"type":"if","locations":[{"start":{"line":9,"column":4},"end":{"line":9,"column":4}},{"start":{"line":9,"column":4},"end":{"line":9,"column":4}}]},"2":{"line":9,"type":"binary-expr","locations":[{"start":{"line":9,"column":7},"end":{"line":9,"column":32}},{"start":{"line":9,"column":36},"end":{"line":9,"column":54}}]},"3":{"line":16,"type":"if","locations":[{"start":{"line":16,"column":8},"end":{"line":16,"column":8}},{"start":{"line":16,"column":8},"end":{"line":16,"column":8}}]}}},"/home/ubuntu/workspace/map_test/map-spec.js":{"path":"/home/ubuntu/workspace/map_test/map-spec.js","s":{"1":0,"2":0,"3":0,"4":0,"5":0,"6":0,"7":0,"8":0,"9":0,"10":0,"11":0,"12":0,"13":0,"14":0,"15":0,"16":0,"17":0,"18":0,"19":0,"20":0,"21":0,"22":0,"23":0,"24":0,"25":0,"26":0,"27":0,"28":0,"29":0,"30":0,"31":0,"32":0,"33":0,"34":0,"35":0,"36":0,"37":0,"38":0,"39":0,"40":0,"41":0,"42":0,"43":0},"b":{},"f":{"1":0,"2":0,"3":0,"4":0,"5":0,"6":0,"7":0,"8":0,"9":0,"10":0,"11":0,"12":0,"13":0,"14":0,"15":0,"16":0,"17":0,"18":0,"19":0},"fnMap":{"1":{"name":"(anonymous_1)","line":10,"loc":{"start":{"line":10,"column":62},"end":{"line":10,"column":72}}},"2":{"name":"(anonymous_2)","line":11,"loc":{"start":{"line":11,"column":61},"end":{"line":11,"column":75}}},"3":{"name":"(anonymous_3)","line":13,"loc":{"start":{"line":13,"column":20},"end":{"line":13,"column":37}}},"4":{"name":"(anonymous_4)","line":22,"loc":{"start":{"line":22,"column":69},"end":{"line":22,"column":80}}},"5":{"name":"(anonymous_5)","line":23,"loc":{"start":{"line":23,"column":73},"end":{"line":23,"column":87}}},"6":{"name":"(anonymous_6)","line":25,"loc":{"start":{"line":25,"column":23},"end":{"line":25,"column":54}}},"7":{"name":"(anonymous_7)","line":32,"loc":{"start":{"line":32,"column":86},"end":{"line":32,"column":100}}},"8":{"name":"(anonymous_8)","line":34,"loc":{"start":{"line":34,"column":23},"end":{"line":34,"column":54}}},"9":{"name":"(anonymous_9)","line":37,"loc":{"start":{"line":37,"column":40},"end":{"line":37,"column":57}}},"10":{"name":"(anonymous_10)","line":46,"loc":{"start":{"line":46,"column":52},"end":{"line":46,"column":66}}},"11":{"name":"(anonymous_11)","line":47,"loc":{"start":{"line":47,"column":23},"end":{"line":47,"column":55}}},"12":{"name":"(anonymous_12)","line":49,"loc":{"start":{"line":49,"column":40},"end":{"line":49,"column":57}}},"13":{"name":"(anonymous_13)","line":53,"loc":{"start":{"line":53,"column":30},"end":{"line":53,"column":44}}},"14":{"name":"(anonymous_14)","line":67,"loc":{"start":{"line":67,"column":43},"end":{"line":67,"column":54}}},"15":{"name":"(anonymous_15)","line":68,"loc":{"start":{"line":68,"column":43},"end":{"line":68,"column":58}}},"16":{"name":"(anonymous_16)","line":69,"loc":{"start":{"line":69,"column":21},"end":{"line":69,"column":53}}},"17":{"name":"(anonymous_17)","line":76,"loc":{"start":{"line":76,"column":48},"end":{"line":76,"column":62}}},"18":{"name":"(anonymous_18)","line":77,"loc":{"start":{"line":77,"column":21},"end":{"line":77,"column":52}}},"19":{"name":"(anonymous_19)","line":79,"loc":{"start":{"line":79,"column":36},"end":{"line":79,"column":53}}}},"statementMap":{"1":{"start":{"line":1,"column":0},"end":{"line":1,"column":32}},"2":{"start":{"line":2,"column":0},"end":{"line":2,"column":34}},"3":{"start":{"line":3,"column":0},"end":{"line":3,"column":73}},"4":{"start":{"line":10,"column":0},"end":{"line":19,"column":2}},"5":{"start":{"line":11,"column":4},"end":{"line":18,"column":6}},"6":{"start":{"line":13,"column":8},"end":{"line":17,"column":10}},"7":{"start":{"line":14,"column":12},"end":{"line":14,"column":52}},"8":{"start":{"line":15,"column":12},"end":{"line":15,"column":19}},"9":{"start":{"line":22,"column":0},"end":{"line":59,"column":2}},"10":{"start":{"line":23,"column":2},"end":{"line":30,"column":4}},"11":{"start":{"line":25,"column":6},"end":{"line":29,"column":8}},"12":{"start":{"line":26,"column":10},"end":{"line":26,"column":48}},"13":{"start":{"line":27,"column":10},"end":{"line":27,"column":42}},"14":{"start":{"line":28,"column":10},"end":{"line":28,"column":17}},"15":{"start":{"line":32,"column":2},"end":{"line":44,"column":4}},"16":{"start":{"line":34,"column":6},"end":{"line":43,"column":8}},"17":{"start":{"line":35,"column":10},"end":{"line":35,"column":40}},"18":{"start":{"line":37,"column":10},"end":{"line":39,"column":12}},"19":{"start":{"line":38,"column":14},"end":{"line":38,"column":59}},"20":{"start":{"line":40,"column":10},"end":{"line":40,"column":27}},"21":{"start":{"line":41,"column":10},"end":{"line":41,"column":67}},"22":{"start":{"line":42,"column":10},"end":{"line":42,"column":17}},"23":{"start":{"line":46,"column":2},"end":{"line":58,"column":4}},"24":{"start":{"line":47,"column":6},"end":{"line":57,"column":8}},"25":{"start":{"line":48,"column":10},"end":{"line":48,"column":40}},"26":{"start":{"line":49,"column":10},"end":{"line":51,"column":12}},"27":{"start":{"line":50,"column":14},"end":{"line":50,"column":59}},"28":{"start":{"line":53,"column":10},"end":{"line":56,"column":12}},"29":{"start":{"line":54,"column":14},"end":{"line":54,"column":41}},"30":{"start":{"line":55,"column":14},"end":{"line":55,"column":21}},"31":{"start":{"line":67,"column":0},"end":{"line":88,"column":3}},"32":{"start":{"line":68,"column":2},"end":{"line":74,"column":5}},"33":{"start":{"line":69,"column":4},"end":{"line":73,"column":7}},"34":{"start":{"line":70,"column":6},"end":{"line":70,"column":44}},"35":{"start":{"line":72,"column":6},"end":{"line":72,"column":13}},"36":{"start":{"line":76,"column":2},"end":{"line":87,"column":4}},"37":{"start":{"line":77,"column":4},"end":{"line":85,"column":6}},"38":{"start":{"line":78,"column":6},"end":{"line":78,"column":35}},"39":{"start":{"line":79,"column":6},"end":{"line":81,"column":8}},"40":{"start":{"line":80,"column":8},"end":{"line":80,"column":53}},"41":{"start":{"line":82,"column":6},"end":{"line":82,"column":23}},"42":{"start":{"line":83,"column":6},"end":{"line":83,"column":54}},"43":{"start":{"line":84,"column":6},"end":{"line":84,"column":13}}},"branchMap":{}},"/home/ubuntu/workspace/maps.js":{"path":"/home/ubuntu/workspace/maps.js","s":{"1":0,"2":0,"3":0,"4":0,"5":0,"6":0,"7":0,"8":0,"9":0,"10":0,"11":0,"12":0,"13":0,"14":0,"15":0,"16":0,"17":0},"b":{"1":[0,0],"2":[0,0],"3":[0,0]},"f":{"1":0,"2":0,"3":0},"fnMap":{"1":{"name":"(anonymous_1)","line":5,"loc":{"start":{"line":5,"column":17},"end":{"line":5,"column":43}}},"2":{"name":"(anonymous_2)","line":14,"loc":{"start":{"line":14,"column":45},"end":{"line":14,"column":69}}},"3":{"name":"(anonymous_3)","line":20,"loc":{"start":{"line":20,"column":37},"end":{"line":20,"column":55}}}},"statementMap":{"1":{"start":{"line":3,"column":0},"end":{"line":3,"column":32}},"2":{"start":{"line":5,"column":0},"end":{"line":27,"column":1}},"3":{"start":{"line":7,"column":4},"end":{"line":7,"column":46}},"4":{"start":{"line":8,"column":4},"end":{"line":10,"column":5}},"5":{"start":{"line":9,"column":8},"end":{"line":9,"column":145}},"6":{"start":{"line":11,"column":4},"end":{"line":11,"column":67}},"7":{"start":{"line":12,"column":4},"end":{"line":12,"column":41}},"8":{"start":{"line":13,"column":4},"end":{"line":13,"column":30}},"9":{"start":{"line":14,"column":4},"end":{"line":26,"column":5}},"10":{"start":{"line":15,"column":8},"end":{"line":17,"column":9}},"11":{"start":{"line":16,"column":12},"end":{"line":16,"column":126}},"12":{"start":{"line":18,"column":8},"end":{"line":18,"column":32}},"13":{"start":{"line":19,"column":8},"end":{"line":19,"column":37}},"14":{"start":{"line":20,"column":8},"end":{"line":22,"column":10}},"15":{"start":{"line":21,"column":12},"end":{"line":21,"column":173}},"16":{"start":{"line":23,"column":8},"end":{"line":23,"column":24}},"17":{"start":{"line":24,"column":8},"end":{"line":24,"column":105}}},"branchMap":{"1":{"line":8,"type":"if","locations":[{"start":{"line":8,"column":4},"end":{"line":8,"column":4}},{"start":{"line":8,"column":4},"end":{"line":8,"column":4}}]},"2":{"line":8,"type":"binary-expr","locations":[{"start":{"line":8,"column":7},"end":{"line":8,"column":32}},{"start":{"line":8,"column":36},"end":{"line":8,"column":54}}]},"3":{"line":15,"type":"if","locations":[{"start":{"line":15,"column":8},"end":{"line":15,"column":8}},{"start":{"line":15,"column":8},"end":{"line":15,"column":8}}]}}},"/home/ubuntu/workspace/mongo_test/mongo-spec.js":{"path":"/home/ubuntu/workspace/mongo_test/mongo-spec.js","s":{"1":0,"2":0,"3":0,"4":0,"5":0,"6":0,"7":0,"8":0,"9":0,"10":0,"11":0,"12":0,"13":0,"14":0,"15":0,"16":0,"17":0,"18":0,"19":0,"20":0,"21":0,"22":0,"23":0,"24":0,"25":0,"26":0,"27":0,"28":0,"29":0,"30":0,"31":0,"32":0,"33":0,"34":0,"35":0,"36":0,"37":0,"38":0},"b":{},"f":{"1":0,"2":0,"3":0,"4":0,"5":0,"6":0,"7":0,"8":0,"9":0,"10":0,"11":0,"12":0,"13":0,"14":0,"15":0,"16":0,"17":0,"18":0},"fnMap":{"1":{"name":"(anonymous_1)","line":9,"loc":{"start":{"line":9,"column":71},"end":{"line":9,"column":82}}},"2":{"name":"(anonymous_2)","line":13,"loc":{"start":{"line":13,"column":71},"end":{"line":13,"column":86}}},"3":{"name":"(anonymous_3)","line":15,"loc":{"start":{"line":15,"column":16},"end":{"line":15,"column":33}}},"4":{"name":"(anonymous_4)","line":24,"loc":{"start":{"line":24,"column":61},"end":{"line":24,"column":76}}},"5":{"name":"(anonymous_5)","line":26,"loc":{"start":{"line":26,"column":17},"end":{"line":26,"column":34}}},"6":{"name":"(anonymous_6)","line":36,"loc":{"start":{"line":36,"column":85},"end":{"line":36,"column":99}}},"7":{"name":"(anonymous_7)","line":38,"loc":{"start":{"line":38,"column":21},"end":{"line":38,"column":52}}},"8":{"name":"(anonymous_8)","line":40,"loc":{"start":{"line":40,"column":32},"end":{"line":40,"column":46}}},"9":{"name":"(anonymous_9)","line":47,"loc":{"start":{"line":47,"column":19},"end":{"line":47,"column":36}}},"10":{"name":"(anonymous_10)","line":58,"loc":{"start":{"line":58,"column":73},"end":{"line":58,"column":87}}},"11":{"name":"(anonymous_11)","line":59,"loc":{"start":{"line":59,"column":21},"end":{"line":59,"column":53}}},"12":{"name":"(anonymous_12)","line":61,"loc":{"start":{"line":61,"column":32},"end":{"line":61,"column":46}}},"13":{"name":"(anonymous_13)","line":66,"loc":{"start":{"line":66,"column":30},"end":{"line":66,"column":46}}},"14":{"name":"(anonymous_14)","line":79,"loc":{"start":{"line":79,"column":51},"end":{"line":79,"column":61}}},"15":{"name":"(anonymous_15)","line":81,"loc":{"start":{"line":81,"column":73},"end":{"line":81,"column":87}}},"16":{"name":"(anonymous_16)","line":82,"loc":{"start":{"line":82,"column":21},"end":{"line":82,"column":53}}},"17":{"name":"(anonymous_17)","line":84,"loc":{"start":{"line":84,"column":32},"end":{"line":84,"column":46}}},"18":{"name":"(anonymous_18)","line":90,"loc":{"start":{"line":90,"column":29},"end":{"line":90,"column":45}}}},"statementMap":{"1":{"start":{"line":1,"column":0},"end":{"line":1,"column":35}},"2":{"start":{"line":2,"column":0},"end":{"line":2,"column":33}},"3":{"start":{"line":3,"column":0},"end":{"line":3,"column":53}},"4":{"start":{"line":9,"column":0},"end":{"line":74,"column":3}},"5":{"start":{"line":13,"column":2},"end":{"line":20,"column":5}},"6":{"start":{"line":15,"column":4},"end":{"line":19,"column":7}},"7":{"start":{"line":16,"column":6},"end":{"line":16,"column":45}},"8":{"start":{"line":17,"column":6},"end":{"line":17,"column":13}},"9":{"start":{"line":24,"column":2},"end":{"line":31,"column":4}},"10":{"start":{"line":26,"column":4},"end":{"line":30,"column":6}},"11":{"start":{"line":27,"column":6},"end":{"line":27,"column":32}},"12":{"start":{"line":28,"column":6},"end":{"line":28,"column":13}},"13":{"start":{"line":36,"column":2},"end":{"line":53,"column":4}},"14":{"start":{"line":38,"column":4},"end":{"line":52,"column":6}},"15":{"start":{"line":39,"column":6},"end":{"line":39,"column":39}},"16":{"start":{"line":40,"column":6},"end":{"line":41,"column":8}},"17":{"start":{"line":47,"column":6},"end":{"line":51,"column":8}},"18":{"start":{"line":48,"column":8},"end":{"line":48,"column":38}},"19":{"start":{"line":49,"column":8},"end":{"line":49,"column":15}},"20":{"start":{"line":58,"column":2},"end":{"line":73,"column":4}},"21":{"start":{"line":59,"column":4},"end":{"line":72,"column":6}},"22":{"start":{"line":60,"column":6},"end":{"line":60,"column":39}},"23":{"start":{"line":61,"column":6},"end":{"line":70,"column":8}},"24":{"start":{"line":62,"column":8},"end":{"line":62,"column":29}},"25":{"start":{"line":66,"column":8},"end":{"line":69,"column":10}},"26":{"start":{"line":67,"column":10},"end":{"line":67,"column":40}},"27":{"start":{"line":68,"column":10},"end":{"line":68,"column":17}},"28":{"start":{"line":79,"column":0},"end":{"line":99,"column":2}},"29":{"start":{"line":81,"column":2},"end":{"line":98,"column":4}},"30":{"start":{"line":82,"column":4},"end":{"line":97,"column":6}},"31":{"start":{"line":83,"column":6},"end":{"line":83,"column":39}},"32":{"start":{"line":84,"column":6},"end":{"line":95,"column":8}},"33":{"start":{"line":85,"column":8},"end":{"line":85,"column":29}},"34":{"start":{"line":86,"column":8},"end":{"line":86,"column":46}},"35":{"start":{"line":90,"column":8},"end":{"line":94,"column":10}},"36":{"start":{"line":91,"column":10},"end":{"line":91,"column":40}},"37":{"start":{"line":92,"column":10},"end":{"line":92,"column":29}},"38":{"start":{"line":93,"column":10},"end":{"line":93,"column":17}}},"branchMap":{}}}