{"/home/ubuntu/workspace/spec/mongo-spec.js":{"path":"/home/ubuntu/workspace/spec/mongo-spec.js","s":{"1":1,"2":1,"3":0,"4":0,"5":0,"6":0,"7":0},"b":{},"f":{"1":0,"2":0,"3":0},"fnMap":{"1":{"name":"(anonymous_1)","line":3,"loc":{"start":{"line":3,"column":70},"end":{"line":3,"column":81}}},"2":{"name":"(anonymous_2)","line":5,"loc":{"start":{"line":5,"column":35},"end":{"line":5,"column":46}}},"3":{"name":"(anonymous_3)","line":7,"loc":{"start":{"line":7,"column":16},"end":{"line":7,"column":33}}}},"statementMap":{"1":{"start":{"line":1,"column":0},"end":{"line":1,"column":35}},"2":{"start":{"line":3,"column":0},"end":{"line":22,"column":3}},"3":{"start":{"line":5,"column":2},"end":{"line":13,"column":5}},"4":{"start":{"line":7,"column":4},"end":{"line":12,"column":7}},"5":{"start":{"line":8,"column":6},"end":{"line":8,"column":23}},"6":{"start":{"line":9,"column":6},"end":{"line":9,"column":36}},"7":{"start":{"line":10,"column":6},"end":{"line":10,"column":26}}},"branchMap":{}},"/home/ubuntu/workspace/mongo.js":{"path":"/home/ubuntu/workspace/mongo.js","s":{"1":1,"2":1,"3":1,"4":1,"5":1,"6":1,"7":1,"8":1,"9":1,"10":0,"11":0,"12":0,"13":0,"14":0,"15":0,"16":1,"17":0,"18":0,"19":0,"20":0,"21":0,"22":0,"23":1,"24":0,"25":0,"26":0,"27":0,"28":1,"29":0,"30":0,"31":0,"32":0},"b":{"1":[0,0],"2":[0,0],"3":[0,0],"4":[0,0]},"f":{"1":0,"2":0,"3":0,"4":0,"5":0,"6":0,"7":0,"8":0,"9":0},"fnMap":{"1":{"name":"(anonymous_1)","line":24,"loc":{"start":{"line":24,"column":18},"end":{"line":24,"column":43}}},"2":{"name":"(anonymous_2)","line":31,"loc":{"start":{"line":31,"column":18},"end":{"line":31,"column":38}}},"3":{"name":"(anonymous_3)","line":41,"loc":{"start":{"line":41,"column":17},"end":{"line":41,"column":36}}},"4":{"name":"(anonymous_4)","line":43,"loc":{"start":{"line":43,"column":13},"end":{"line":43,"column":32}}},"5":{"name":"(anonymous_5)","line":47,"loc":{"start":{"line":47,"column":27},"end":{"line":47,"column":41}}},"6":{"name":"(anonymous_6)","line":55,"loc":{"start":{"line":55,"column":18},"end":{"line":55,"column":41}}},"7":{"name":"(anonymous_7)","line":57,"loc":{"start":{"line":57,"column":23},"end":{"line":57,"column":43}}},"8":{"name":"(anonymous_8)","line":64,"loc":{"start":{"line":64,"column":16},"end":{"line":64,"column":35}}},"9":{"name":"(anonymous_9)","line":66,"loc":{"start":{"line":66,"column":18},"end":{"line":66,"column":33}}}},"statementMap":{"1":{"start":{"line":4,"column":0},"end":{"line":4,"column":34}},"2":{"start":{"line":6,"column":0},"end":{"line":6,"column":20}},"3":{"start":{"line":8,"column":0},"end":{"line":8,"column":55}},"4":{"start":{"line":9,"column":0},"end":{"line":9,"column":19}},"5":{"start":{"line":11,"column":0},"end":{"line":11,"column":24}},"6":{"start":{"line":12,"column":0},"end":{"line":12,"column":30}},"7":{"start":{"line":15,"column":0},"end":{"line":18,"column":2}},"8":{"start":{"line":20,"column":0},"end":{"line":20,"column":47}},"9":{"start":{"line":24,"column":0},"end":{"line":39,"column":1}},"10":{"start":{"line":29,"column":4},"end":{"line":29,"column":26}},"11":{"start":{"line":30,"column":4},"end":{"line":30,"column":37}},"12":{"start":{"line":31,"column":4},"end":{"line":37,"column":4}},"13":{"start":{"line":32,"column":6},"end":{"line":34,"column":7}},"14":{"start":{"line":33,"column":8},"end":{"line":33,"column":31}},"15":{"start":{"line":35,"column":6},"end":{"line":35,"column":30}},"16":{"start":{"line":41,"column":0},"end":{"line":52,"column":1}},"17":{"start":{"line":43,"column":2},"end":{"line":51,"column":4}},"18":{"start":{"line":44,"column":4},"end":{"line":46,"column":5}},"19":{"start":{"line":45,"column":6},"end":{"line":45,"column":29}},"20":{"start":{"line":47,"column":4},"end":{"line":49,"column":6}},"21":{"start":{"line":48,"column":6},"end":{"line":48,"column":19}},"22":{"start":{"line":50,"column":4},"end":{"line":50,"column":18}},"23":{"start":{"line":55,"column":0},"end":{"line":63,"column":1}},"24":{"start":{"line":57,"column":2},"end":{"line":62,"column":4}},"25":{"start":{"line":58,"column":4},"end":{"line":60,"column":5}},"26":{"start":{"line":59,"column":6},"end":{"line":59,"column":29}},"27":{"start":{"line":61,"column":4},"end":{"line":61,"column":18}},"28":{"start":{"line":64,"column":0},"end":{"line":72,"column":1}},"29":{"start":{"line":66,"column":2},"end":{"line":71,"column":4}},"30":{"start":{"line":67,"column":4},"end":{"line":69,"column":5}},"31":{"start":{"line":68,"column":6},"end":{"line":68,"column":29}},"32":{"start":{"line":70,"column":4},"end":{"line":70,"column":29}}},"branchMap":{"1":{"line":32,"type":"if","locations":[{"start":{"line":32,"column":6},"end":{"line":32,"column":6}},{"start":{"line":32,"column":6},"end":{"line":32,"column":6}}]},"2":{"line":44,"type":"if","locations":[{"start":{"line":44,"column":4},"end":{"line":44,"column":4}},{"start":{"line":44,"column":4},"end":{"line":44,"column":4}}]},"3":{"line":58,"type":"if","locations":[{"start":{"line":58,"column":4},"end":{"line":58,"column":4}},{"start":{"line":58,"column":4},"end":{"line":58,"column":4}}]},"4":{"line":67,"type":"if","locations":[{"start":{"line":67,"column":4},"end":{"line":67,"column":4}},{"start":{"line":67,"column":4},"end":{"line":67,"column":4}}]}}},"/home/ubuntu/workspace/accounts.js":{"path":"/home/ubuntu/workspace/accounts.js","s":{},"b":{},"f":{},"fnMap":{},"statementMap":{},"branchMap":{}},"/home/ubuntu/workspace/films.js":{"path":"/home/ubuntu/workspace/films.js","s":{"1":0,"2":0,"3":0,"4":0,"5":0,"6":0,"7":0,"8":0,"9":0,"10":0,"11":0,"12":0,"13":0,"14":0,"15":0,"16":0,"17":0},"b":{"1":[0,0],"2":[0,0],"3":[0,0]},"f":{"1":0,"2":0,"3":0},"fnMap":{"1":{"name":"(anonymous_1)","line":6,"loc":{"start":{"line":6,"column":17},"end":{"line":6,"column":43}}},"2":{"name":"(anonymous_2)","line":15,"loc":{"start":{"line":15,"column":45},"end":{"line":15,"column":69}}},"3":{"name":"(anonymous_3)","line":21,"loc":{"start":{"line":21,"column":30},"end":{"line":21,"column":48}}}},"statementMap":{"1":{"start":{"line":1,"column":0},"end":{"line":1,"column":32}},"2":{"start":{"line":6,"column":0},"end":{"line":29,"column":1}},"3":{"start":{"line":8,"column":4},"end":{"line":8,"column":46}},"4":{"start":{"line":9,"column":4},"end":{"line":11,"column":5}},"5":{"start":{"line":10,"column":8},"end":{"line":10,"column":145}},"6":{"start":{"line":12,"column":4},"end":{"line":12,"column":48}},"7":{"start":{"line":13,"column":4},"end":{"line":13,"column":39}},"8":{"start":{"line":14,"column":4},"end":{"line":14,"column":30}},"9":{"start":{"line":15,"column":4},"end":{"line":28,"column":5}},"10":{"start":{"line":16,"column":8},"end":{"line":18,"column":9}},"11":{"start":{"line":17,"column":12},"end":{"line":17,"column":126}},"12":{"start":{"line":19,"column":8},"end":{"line":19,"column":32}},"13":{"start":{"line":20,"column":8},"end":{"line":20,"column":37}},"14":{"start":{"line":21,"column":8},"end":{"line":23,"column":10}},"15":{"start":{"line":22,"column":12},"end":{"line":22,"column":217}},"16":{"start":{"line":25,"column":8},"end":{"line":25,"column":25}},"17":{"start":{"line":26,"column":8},"end":{"line":26,"column":103}}},"branchMap":{"1":{"line":9,"type":"if","locations":[{"start":{"line":9,"column":4},"end":{"line":9,"column":4}},{"start":{"line":9,"column":4},"end":{"line":9,"column":4}}]},"2":{"line":9,"type":"binary-expr","locations":[{"start":{"line":9,"column":7},"end":{"line":9,"column":32}},{"start":{"line":9,"column":36},"end":{"line":9,"column":54}}]},"3":{"line":16,"type":"if","locations":[{"start":{"line":16,"column":8},"end":{"line":16,"column":8}},{"start":{"line":16,"column":8},"end":{"line":16,"column":8}}]}}},"/home/ubuntu/workspace/maps.js":{"path":"/home/ubuntu/workspace/maps.js","s":{"1":0,"2":0,"3":0,"4":0,"5":0,"6":0,"7":0,"8":0,"9":0,"10":0,"11":0,"12":0,"13":0,"14":0,"15":0,"16":0,"17":0},"b":{"1":[0,0],"2":[0,0],"3":[0,0]},"f":{"1":0,"2":0,"3":0},"fnMap":{"1":{"name":"(anonymous_1)","line":8,"loc":{"start":{"line":8,"column":17},"end":{"line":8,"column":43}}},"2":{"name":"(anonymous_2)","line":17,"loc":{"start":{"line":17,"column":45},"end":{"line":17,"column":69}}},"3":{"name":"(anonymous_3)","line":23,"loc":{"start":{"line":23,"column":37},"end":{"line":23,"column":55}}}},"statementMap":{"1":{"start":{"line":2,"column":0},"end":{"line":2,"column":32}},"2":{"start":{"line":8,"column":0},"end":{"line":30,"column":1}},"3":{"start":{"line":10,"column":4},"end":{"line":10,"column":46}},"4":{"start":{"line":11,"column":4},"end":{"line":13,"column":5}},"5":{"start":{"line":12,"column":8},"end":{"line":12,"column":145}},"6":{"start":{"line":14,"column":4},"end":{"line":14,"column":67}},"7":{"start":{"line":15,"column":4},"end":{"line":15,"column":41}},"8":{"start":{"line":16,"column":4},"end":{"line":16,"column":30}},"9":{"start":{"line":17,"column":4},"end":{"line":29,"column":5}},"10":{"start":{"line":18,"column":8},"end":{"line":20,"column":9}},"11":{"start":{"line":19,"column":12},"end":{"line":19,"column":126}},"12":{"start":{"line":21,"column":8},"end":{"line":21,"column":32}},"13":{"start":{"line":22,"column":8},"end":{"line":22,"column":37}},"14":{"start":{"line":23,"column":8},"end":{"line":25,"column":10}},"15":{"start":{"line":24,"column":12},"end":{"line":24,"column":173}},"16":{"start":{"line":26,"column":8},"end":{"line":26,"column":24}},"17":{"start":{"line":27,"column":8},"end":{"line":27,"column":105}}},"branchMap":{"1":{"line":11,"type":"if","locations":[{"start":{"line":11,"column":4},"end":{"line":11,"column":4}},{"start":{"line":11,"column":4},"end":{"line":11,"column":4}}]},"2":{"line":11,"type":"binary-expr","locations":[{"start":{"line":11,"column":7},"end":{"line":11,"column":32}},{"start":{"line":11,"column":36},"end":{"line":11,"column":54}}]},"3":{"line":18,"type":"if","locations":[{"start":{"line":18,"column":8},"end":{"line":18,"column":8}},{"start":{"line":18,"column":8},"end":{"line":18,"column":8}}]}}}}