TN:
SF:/home/ubuntu/workspace/spec/mongo-spec.js
FN:3,(anonymous_1)
FN:5,(anonymous_2)
FN:7,(anonymous_3)
FNF:3
FNH:0
FNDA:0,(anonymous_1)
FNDA:0,(anonymous_2)
FNDA:0,(anonymous_3)
DA:1,1
DA:3,1
DA:5,0
DA:7,0
DA:8,0
DA:9,0
DA:10,0
LF:7
LH:2
BRF:0
BRH:0
end_of_record
TN:
SF:/home/ubuntu/workspace/mongo.js
FN:24,(anonymous_1)
FN:31,(anonymous_2)
FN:41,(anonymous_3)
FN:43,(anonymous_4)
FN:47,(anonymous_5)
FN:55,(anonymous_6)
FN:57,(anonymous_7)
FN:64,(anonymous_8)
FN:66,(anonymous_9)
FNF:9
FNH:0
FNDA:0,(anonymous_1)
FNDA:0,(anonymous_2)
FNDA:0,(anonymous_3)
FNDA:0,(anonymous_4)
FNDA:0,(anonymous_5)
FNDA:0,(anonymous_6)
FNDA:0,(anonymous_7)
FNDA:0,(anonymous_8)
FNDA:0,(anonymous_9)
DA:4,1
DA:6,1
DA:8,1
DA:9,1
DA:11,1
DA:12,1
DA:15,1
DA:20,1
DA:24,1
DA:29,0
DA:30,0
DA:31,0
DA:32,0
DA:33,0
DA:35,0
DA:41,1
DA:43,0
DA:44,0
DA:45,0
DA:47,0
DA:48,0
DA:50,0
DA:55,1
DA:57,0
DA:58,0
DA:59,0
DA:61,0
DA:64,1
DA:66,0
DA:67,0
DA:68,0
DA:70,0
LF:32
LH:12
BRDA:32,1,0,0
BRDA:32,1,1,0
BRDA:44,2,0,0
BRDA:44,2,1,0
BRDA:58,3,0,0
BRDA:58,3,1,0
BRDA:67,4,0,0
BRDA:67,4,1,0
BRF:8
BRH:0
end_of_record
TN:
SF:/home/ubuntu/workspace/accounts.js
FNF:0
FNH:0
LF:0
LH:0
BRF:0
BRH:0
end_of_record
TN:
SF:/home/ubuntu/workspace/films.js
FN:6,(anonymous_1)
FN:15,(anonymous_2)
FN:21,(anonymous_3)
FNF:3
FNH:0
FNDA:0,(anonymous_1)
FNDA:0,(anonymous_2)
FNDA:0,(anonymous_3)
DA:1,0
DA:6,0
DA:8,0
DA:9,0
DA:10,0
DA:12,0
DA:13,0
DA:14,0
DA:15,0
DA:16,0
DA:17,0
DA:19,0
DA:20,0
DA:21,0
DA:22,0
DA:25,0
DA:26,0
LF:17
LH:0
BRDA:9,1,0,0
BRDA:9,1,1,0
BRDA:9,2,0,0
BRDA:9,2,1,0
BRDA:16,3,0,0
BRDA:16,3,1,0
BRF:6
BRH:0
end_of_record
TN:
SF:/home/ubuntu/workspace/maps.js
FN:8,(anonymous_1)
FN:17,(anonymous_2)
FN:23,(anonymous_3)
FNF:3
FNH:0
FNDA:0,(anonymous_1)
FNDA:0,(anonymous_2)
FNDA:0,(anonymous_3)
DA:2,0
DA:8,0
DA:10,0
DA:11,0
DA:12,0
DA:14,0
DA:15,0
DA:16,0
DA:17,0
DA:18,0
DA:19,0
DA:21,0
DA:22,0
DA:23,0
DA:24,0
DA:26,0
DA:27,0
LF:17
LH:0
BRDA:11,1,0,0
BRDA:11,1,1,0
BRDA:11,2,0,0
BRDA:11,2,1,0
BRDA:18,3,0,0
BRDA:18,3,1,0
BRF:6
BRH:0
end_of_record
